#
# There is insufficient memory for the Java Runtime Environment to continue.
# Native memory allocation (mmap) failed to map 47579136 bytes for committing reserved memory.
# Possible reasons:
#   The system is out of physical RAM or swap space
#   In 32 bit mode, the process size limit was hit
# Possible solutions:
#   Reduce memory load on the system
#   Increase physical memory or swap space
#   Check if swap backing store is full
#   Use 64 bit Java on a 64 bit OS
#   Decrease Java heap size (-Xmx/-Xms)
#   Decrease number of Java threads
#   Decrease Java thread stack sizes (-Xss)
#   Set larger code cache with -XX:ReservedCodeCacheSize=
# This output file may be truncated or incomplete.
#
#  Out of Memory Error (os_linux.cpp:2640), pid=15985, tid=0x00007f6b03f5e700
#
# JRE version:  (8.0_171-b11) (build )
# Java VM: Java HotSpot(TM) 64-Bit Server VM (25.171-b11 mixed mode linux-amd64 compressed oops)
# Failed to write core dump. Core dumps have been disabled. To enable core dumping, try "ulimit -c unlimited" before starting Java again
#

---------------  T H R E A D  ---------------

Current thread (0x00007f6afc00a800):  JavaThread "Unknown thread" [_thread_in_vm, id=15986, stack(0x00007f6b03e5e000,0x00007f6b03f5f000)]

Stack: [0x00007f6b03e5e000,0x00007f6b03f5f000],  sp=0x00007f6b03f5d350,  free space=1020k
Native frames: (J=compiled Java code, j=interpreted, Vv=VM code, C=native code)
V  [libjvm.so+0xacfffa]  VMError::report_and_die()+0x2ba
V  [libjvm.so+0x5005cb]  report_vm_out_of_memory(char const*, int, unsigned long, VMErrorType, char const*)+0x8b
V  [libjvm.so+0x92dd93]  os::Linux::commit_memory_impl(char*, unsigned long, bool)+0x123
V  [libjvm.so+0x92dfb9]  os::pd_commit_memory(char*, unsigned long, unsigned long, bool)+0x29
V  [libjvm.so+0x92527a]  os::commit_memory(char*, unsigned long, unsigned long, bool)+0x2a
V  [libjvm.so+0xacbcd9]  VirtualSpace::expand_by(unsigned long, bool)+0x199
V  [libjvm.so+0xacc82e]  VirtualSpace::initialize(ReservedSpace, unsigned long)+0xee
V  [libjvm.so+0x5fed41]  CardGeneration::CardGeneration(ReservedSpace, unsigned long, int, GenRemSet*)+0xf1
V  [libjvm.so+0xa729ff]  TenuredGeneration::TenuredGeneration(ReservedSpace, unsigned long, int, GenRemSet*)+0x5f
V  [libjvm.so+0x600049]  GenerationSpec::init(ReservedSpace, int, GenRemSet*)+0x339
V  [libjvm.so+0x5eebde]  GenCollectedHeap::initialize()+0x1de
V  [libjvm.so+0xa98033]  Universe::initialize_heap()+0xf3
V  [libjvm.so+0xa9859e]  universe_init()+0x3e
V  [libjvm.so+0x642105]  init_globals()+0x65
V  [libjvm.so+0xa7cd4e]  Threads::create_vm(JavaVMInitArgs*, bool*)+0x23e
V  [libjvm.so+0x6d6e44]  JNI_CreateJavaVM+0x74
C  [libjli.so+0x797e]  JavaMain+0x9e
C  [libpthread.so.0+0x76ba]  start_thread+0xca


---------------  P R O C E S S  ---------------

Java Threads: ( => current thread )

Other Threads:

=>0x00007f6afc00a800 (exited) JavaThread "Unknown thread" [_thread_in_vm, id=15986, stack(0x00007f6b03e5e000,0x00007f6b03f5f000)]

VM state:not at safepoint (not fully initialized)

VM Mutex/Monitor currently owned by a thread: None

GC Heap History (0 events):
No events

Deoptimization events (0 events):
No events

Classes redefined (0 events):
No events

Internal exceptions (0 events):
No events

Events (0 events):
No events


Dynamic libraries:
00400000-00401000 r-xp 00000000 08:01 1423691                            /usr/lib/jvm/java-8-oracle/jre/bin/java
00600000-00601000 rw-p 00000000 08:01 1423691                            /usr/lib/jvm/java-8-oracle/jre/bin/java
01f93000-01fb4000 rw-p 00000000 00:00 0                                  [heap]
bd200000-be8a0000 rw-p 00000000 00:00 0 
be8a0000-d36a0000 ---p 00000000 00:00 0 
d6400000-100000000 ---p 00000000 00:00 0 
7f6aed000000-7f6aed270000 rwxp 00000000 00:00 0 
7f6aed270000-7f6afc000000 ---p 00000000 00:00 0 
7f6afc000000-7f6afc036000 rw-p 00000000 00:00 0 
7f6afc036000-7f6b00000000 ---p 00000000 00:00 0 
7f6b0074f000-7f6b009e3000 rw-p 00000000 00:00 0 
7f6b009e3000-7f6b00bee000 ---p 00000000 00:00 0 
7f6b00bee000-7f6b00bf9000 rw-p 00000000 00:00 0 
7f6b00bf9000-7f6b00faf000 ---p 00000000 00:00 0 
7f6b00faf000-7f6b00fca000 r-xp 00000000 08:01 1424007                    /usr/lib/jvm/java-8-oracle/jre/lib/amd64/libzip.so
7f6b00fca000-7f6b011ca000 ---p 0001b000 08:01 1424007                    /usr/lib/jvm/java-8-oracle/jre/lib/amd64/libzip.so
7f6b011ca000-7f6b011cb000 rw-p 0001b000 08:01 1424007                    /usr/lib/jvm/java-8-oracle/jre/lib/amd64/libzip.so
7f6b011cb000-7f6b011d6000 r-xp 00000000 08:01 138334                     /lib/x86_64-linux-gnu/libnss_files-2.23.so
7f6b011d6000-7f6b013d5000 ---p 0000b000 08:01 138334                     /lib/x86_64-linux-gnu/libnss_files-2.23.so
7f6b013d5000-7f6b013d6000 r--p 0000a000 08:01 138334                     /lib/x86_64-linux-gnu/libnss_files-2.23.so
7f6b013d6000-7f6b013d7000 rw-p 0000b000 08:01 138334                     /lib/x86_64-linux-gnu/libnss_files-2.23.so
7f6b013d7000-7f6b013dd000 rw-p 00000000 00:00 0 
7f6b013dd000-7f6b013e8000 r-xp 00000000 08:01 138344                     /lib/x86_64-linux-gnu/libnss_nis-2.23.so
7f6b013e8000-7f6b015e7000 ---p 0000b000 08:01 138344                     /lib/x86_64-linux-gnu/libnss_nis-2.23.so
7f6b015e7000-7f6b015e8000 r--p 0000a000 08:01 138344                     /lib/x86_64-linux-gnu/libnss_nis-2.23.so
7f6b015e8000-7f6b015e9000 rw-p 0000b000 08:01 138344                     /lib/x86_64-linux-gnu/libnss_nis-2.23.so
7f6b015e9000-7f6b015ff000 r-xp 00000000 08:01 138328                     /lib/x86_64-linux-gnu/libnsl-2.23.so
7f6b015ff000-7f6b017fe000 ---p 00016000 08:01 138328                     /lib/x86_64-linux-gnu/libnsl-2.23.so
7f6b017fe000-7f6b017ff000 r--p 00015000 08:01 138328                     /lib/x86_64-linux-gnu/libnsl-2.23.so
7f6b017ff000-7f6b01800000 rw-p 00016000 08:01 138328                     /lib/x86_64-linux-gnu/libnsl-2.23.so
7f6b01800000-7f6b01802000 rw-p 00000000 00:00 0 
7f6b01802000-7f6b0180a000 r-xp 00000000 08:01 138330                     /lib/x86_64-linux-gnu/libnss_compat-2.23.so
7f6b0180a000-7f6b01a09000 ---p 00008000 08:01 138330                     /lib/x86_64-linux-gnu/libnss_compat-2.23.so
7f6b01a09000-7f6b01a0a000 r--p 00007000 08:01 138330                     /lib/x86_64-linux-gnu/libnss_compat-2.23.so
7f6b01a0a000-7f6b01a0b000 rw-p 00008000 08:01 138330                     /lib/x86_64-linux-gnu/libnss_compat-2.23.so
7f6b01a0b000-7f6b01a36000 r-xp 00000000 08:01 1424001                    /usr/lib/jvm/java-8-oracle/jre/lib/amd64/libjava.so
7f6b01a36000-7f6b01c35000 ---p 0002b000 08:01 1424001                    /usr/lib/jvm/java-8-oracle/jre/lib/amd64/libjava.so
7f6b01c35000-7f6b01c37000 rw-p 0002a000 08:01 1424001                    /usr/lib/jvm/java-8-oracle/jre/lib/amd64/libjava.so
7f6b01c37000-7f6b01c44000 r-xp 00000000 08:01 1424006                    /usr/lib/jvm/java-8-oracle/jre/lib/amd64/libverify.so
7f6b01c44000-7f6b01e44000 ---p 0000d000 08:01 1424006                    /usr/lib/jvm/java-8-oracle/jre/lib/amd64/libverify.so
7f6b01e44000-7f6b01e46000 rw-p 0000d000 08:01 1424006                    /usr/lib/jvm/java-8-oracle/jre/lib/amd64/libverify.so
7f6b01e46000-7f6b01e4d000 r-xp 00000000 08:01 138389                     /lib/x86_64-linux-gnu/librt-2.23.so
7f6b01e4d000-7f6b0204c000 ---p 00007000 08:01 138389                     /lib/x86_64-linux-gnu/librt-2.23.so
7f6b0204c000-7f6b0204d000 r--p 00006000 08:01 138389                     /lib/x86_64-linux-gnu/librt-2.23.so
7f6b0204d000-7f6b0204e000 rw-p 00007000 08:01 138389                     /lib/x86_64-linux-gnu/librt-2.23.so
7f6b0204e000-7f6b02156000 r-xp 00000000 08:01 138305                     /lib/x86_64-linux-gnu/libm-2.23.so
7f6b02156000-7f6b02355000 ---p 00108000 08:01 138305                     /lib/x86_64-linux-gnu/libm-2.23.so
7f6b02355000-7f6b02356000 r--p 00107000 08:01 138305                     /lib/x86_64-linux-gnu/libm-2.23.so
7f6b02356000-7f6b02357000 rw-p 00108000 08:01 138305                     /lib/x86_64-linux-gnu/libm-2.23.so
7f6b02357000-7f6b03030000 r-xp 00000000 08:01 1423983                    /usr/lib/jvm/java-8-oracle/jre/lib/amd64/server/libjvm.so
7f6b03030000-7f6b0322f000 ---p 00cd9000 08:01 1423983                    /usr/lib/jvm/java-8-oracle/jre/lib/amd64/server/libjvm.so
7f6b0322f000-7f6b03309000 rw-p 00cd8000 08:01 1423983                    /usr/lib/jvm/java-8-oracle/jre/lib/amd64/server/libjvm.so
7f6b03309000-7f6b03354000 rw-p 00000000 00:00 0 
7f6b03354000-7f6b03514000 r-xp 00000000 08:01 138235                     /lib/x86_64-linux-gnu/libc-2.23.so
7f6b03514000-7f6b03714000 ---p 001c0000 08:01 138235                     /lib/x86_64-linux-gnu/libc-2.23.so
7f6b03714000-7f6b03718000 r--p 001c0000 08:01 138235                     /lib/x86_64-linux-gnu/libc-2.23.so
7f6b03718000-7f6b0371a000 rw-p 001c4000 08:01 138235                     /lib/x86_64-linux-gnu/libc-2.23.so
7f6b0371a000-7f6b0371e000 rw-p 00000000 00:00 0 
7f6b0371e000-7f6b03721000 r-xp 00000000 08:01 138259                     /lib/x86_64-linux-gnu/libdl-2.23.so
7f6b03721000-7f6b03920000 ---p 00003000 08:01 138259                     /lib/x86_64-linux-gnu/libdl-2.23.so
7f6b03920000-7f6b03921000 r--p 00002000 08:01 138259                     /lib/x86_64-linux-gnu/libdl-2.23.so
7f6b03921000-7f6b03922000 rw-p 00003000 08:01 138259                     /lib/x86_64-linux-gnu/libdl-2.23.so
7f6b03922000-7f6b03938000 r-xp 00000000 08:01 1423978                    /usr/lib/jvm/java-8-oracle/jre/lib/amd64/jli/libjli.so
7f6b03938000-7f6b03b37000 ---p 00016000 08:01 1423978                    /usr/lib/jvm/java-8-oracle/jre/lib/amd64/jli/libjli.so
7f6b03b37000-7f6b03b38000 rw-p 00015000 08:01 1423978                    /usr/lib/jvm/java-8-oracle/jre/lib/amd64/jli/libjli.so
7f6b03b38000-7f6b03b50000 r-xp 00000000 08:01 138381                     /lib/x86_64-linux-gnu/libpthread-2.23.so
7f6b03b50000-7f6b03d4f000 ---p 00018000 08:01 138381                     /lib/x86_64-linux-gnu/libpthread-2.23.so
7f6b03d4f000-7f6b03d50000 r--p 00017000 08:01 138381                     /lib/x86_64-linux-gnu/libpthread-2.23.so
7f6b03d50000-7f6b03d51000 rw-p 00018000 08:01 138381                     /lib/x86_64-linux-gnu/libpthread-2.23.so
7f6b03d51000-7f6b03d55000 rw-p 00000000 00:00 0 
7f6b03d55000-7f6b03d7b000 r-xp 00000000 08:01 138207                     /lib/x86_64-linux-gnu/ld-2.23.so
7f6b03e5e000-7f6b03e61000 ---p 00000000 00:00 0 
7f6b03e61000-7f6b03f64000 rw-p 00000000 00:00 0 
7f6b03f70000-7f6b03f78000 rw-s 00000000 08:01 388621                     /tmp/hsperfdata_root/15985
7f6b03f78000-7f6b03f79000 rw-p 00000000 00:00 0 
7f6b03f79000-7f6b03f7a000 r--p 00000000 00:00 0 
7f6b03f7a000-7f6b03f7b000 r--p 00025000 08:01 138207                     /lib/x86_64-linux-gnu/ld-2.23.so
7f6b03f7b000-7f6b03f7c000 rw-p 00026000 08:01 138207                     /lib/x86_64-linux-gnu/ld-2.23.so
7f6b03f7c000-7f6b03f7d000 rw-p 00000000 00:00 0 
7ffcc673c000-7ffcc675d000 rw-p 00000000 00:00 0                          [stack]
7ffcc679b000-7ffcc679e000 r--p 00000000 00:00 0                          [vvar]
7ffcc679e000-7ffcc67a0000 r-xp 00000000 00:00 0                          [vdso]
ffffffffff600000-ffffffffff601000 r-xp 00000000 00:00 0                  [vsyscall]

VM Arguments:
java_command: /home/tania/Documents/tutorial-master/target/surefire/surefirebooter653953757637181628.jar /home/tania/Documents/tutorial-master/target/surefire/surefire2096451768951135781tmp /home/tania/Documents/tutorial-master/target/surefire/surefire_010642156409046685tmp
java_class_path (initial): /home/tania/Documents/tutorial-master/target/surefire/surefirebooter653953757637181628.jar
Launcher Type: SUN_STANDARD

Environment Variables:
JAVA_HOME=/usr/lib/jvm/java-8-oracle
PATH=/usr/local/sbin:/usr/local/bin:/usr/sbin:/usr/bin:/sbin:/bin:/usr/games:/usr/local/games
USERNAME=root
SHELL=/bin/bash
DISPLAY=:0

Signal Handlers:
SIGSEGV: [libjvm.so+0xad0890], sa_mask[0]=11111111011111111101111111111110, sa_flags=SA_RESTART|SA_SIGINFO
SIGBUS: [libjvm.so+0xad0890], sa_mask[0]=11111111011111111101111111111110, sa_flags=SA_RESTART|SA_SIGINFO
SIGFPE: [libjvm.so+0x928640], sa_mask[0]=11111111011111111101111111111110, sa_flags=SA_RESTART|SA_SIGINFO
SIGPIPE: [libjvm.so+0x928640], sa_mask[0]=11111111011111111101111111111110, sa_flags=SA_RESTART|SA_SIGINFO
SIGXFSZ: [libjvm.so+0x928640], sa_mask[0]=11111111011111111101111111111110, sa_flags=SA_RESTART|SA_SIGINFO
SIGILL: [libjvm.so+0x928640], sa_mask[0]=11111111011111111101111111111110, sa_flags=SA_RESTART|SA_SIGINFO
SIGUSR1: SIG_DFL, sa_mask[0]=00000000000000000000000000000000, sa_flags=none
SIGUSR2: [libjvm.so+0x929ea0], sa_mask[0]=00100000000000000000000000000000, sa_flags=SA_RESTART|SA_SIGINFO
SIGHUP: SIG_DFL, sa_mask[0]=00000000000000000000000000000000, sa_flags=none
SIGINT: SIG_DFL, sa_mask[0]=00000000000000000000000000000000, sa_flags=none
SIGTERM: SIG_DFL, sa_mask[0]=00000000000000000000000000000000, sa_flags=none
SIGQUIT: SIG_DFL, sa_mask[0]=00000000000000000000000000000000, sa_flags=none


---------------  S Y S T E M  ---------------

OS:DISTRIB_ID=Ubuntu
DISTRIB_RELEASE=16.04
DISTRIB_CODENAME=xenial
DISTRIB_DESCRIPTION="Ubuntu 16.04.4 LTS"

uname:Linux 4.13.0-45-generic #50~16.04.1-Ubuntu SMP Wed May 30 11:18:27 UTC 2018 x86_64
libc:glibc 2.23 NPTL 2.23 
rlimit: STACK 8192k, CORE 0k, NPROC 16905, NOFILE 1048576, AS infinity
load average:0.68 0.15 0.05

/proc/meminfo:
MemTotal:        4380984 kB
MemFree:          105044 kB
MemAvailable:      11988 kB
Buffers:             604 kB
Cached:            77412 kB
SwapCached:            0 kB
Active:          4043384 kB
Inactive:          64936 kB
Active(anon):    4031476 kB
Inactive(anon):    49148 kB
Active(file):      11908 kB
Inactive(file):    15788 kB
Unevictable:          32 kB
Mlocked:              32 kB
SwapTotal:             0 kB
SwapFree:              0 kB
Dirty:               100 kB
Writeback:             0 kB
AnonPages:       4030408 kB
Mapped:            67148 kB
Shmem:             50248 kB
Slab:              68328 kB
SReclaimable:      26028 kB
SUnreclaim:        42300 kB
KernelStack:       10976 kB
PageTables:        48688 kB
NFS_Unstable:          0 kB
Bounce:                0 kB
WritebackTmp:          0 kB
CommitLimit:     2190492 kB
Committed_AS:    9585956 kB
VmallocTotal:   34359738367 kB
VmallocUsed:           0 kB
VmallocChunk:          0 kB
HardwareCorrupted:     0 kB
AnonHugePages:         0 kB
ShmemHugePages:        0 kB
ShmemPmdMapped:        0 kB
CmaTotal:              0 kB
CmaFree:               0 kB
HugePages_Total:       0
HugePages_Free:        0
HugePages_Rsvd:        0
HugePages_Surp:        0
Hugepagesize:       2048 kB
DirectMap4k:      125888 kB
DirectMap2M:     4415488 kB


CPU:total 1 (initial active 1) (1 cores per cpu, 1 threads per core) family 6 model 158 stepping 9, cmov, cx8, fxsr, mmx, sse, sse2, sse3, ssse3, sse4.1, sse4.2, popcnt, avx, avx2, aes, clmul, 3dnowpref, lzcnt, tsc, tscinvbit

/proc/cpuinfo:
processor	: 0
vendor_id	: GenuineIntel
cpu family	: 6
model		: 158
model name	: Intel(R) Core(TM) i7-7700HQ CPU @ 2.80GHz
stepping	: 9
cpu MHz		: 2808.000
cache size	: 6144 KB
physical id	: 0
siblings	: 1
core id		: 0
cpu cores	: 1
apicid		: 0
initial apicid	: 0
fpu		: yes
fpu_exception	: yes
cpuid level	: 22
wp		: yes
flags		: fpu vme de pse tsc msr pae mce cx8 apic sep mtrr pge mca cmov pat pse36 clflush mmx fxsr sse sse2 syscall nx rdtscp lm constant_tsc rep_good nopl xtopology nonstop_tsc cpuid pni pclmulqdq monitor ssse3 cx16 pcid sse4_1 sse4_2 x2apic movbe popcnt aes xsave avx rdrand hypervisor lahf_lm abm 3dnowprefetch invpcid_single pti retpoline rsb_ctxsw fsgsbase avx2 invpcid rdseed clflushopt
bugs		: cpu_meltdown spectre_v1 spectre_v2 spec_store_bypass
bogomips	: 5616.00
clflush size	: 64
cache_alignment	: 64
address sizes	: 39 bits physical, 48 bits virtual
power management:



Memory: 4k page, physical 4380984k(105044k free), swap 0k(0k free)

vm_info: Java HotSpot(TM) 64-Bit Server VM (25.171-b11) for linux-amd64 JRE (1.8.0_171-b11), built on Mar 28 2018 17:07:08 by "java_re" with gcc 4.3.0 20080428 (Red Hat 4.3.0-8)

time: Fri Jun 22 08:42:02 2018
elapsed time: 0 seconds (0d 0h 0m 0s)

